#
# There is insufficient memory for the Java Runtime Environment to continue.
# Native memory allocation (malloc) failed to allocate 1680416 bytes. Error detail: Chunk::new
# Possible reasons:
#   The system is out of physical RAM or swap space
#   This process is running with CompressedOops enabled, and the Java Heap may be blocking the growth of the native heap
# Possible solutions:
#   Reduce memory load on the system
#   Increase physical memory or swap space
#   Check if swap backing store is full
#   Decrease Java heap size (-Xmx/-Xms)
#   Decrease number of Java threads
#   Decrease Java thread stack sizes (-Xss)
#   Set larger code cache with -XX:ReservedCodeCacheSize=
#   JVM is running with Unscaled Compressed Oops mode in which the Java heap is
#     placed in the first 4GB address space. The Java Heap base address is the
#     maximum limit for the native heap growth. Please use -XX:HeapBaseMinAddress
#     to set the Java Heap base and to place the Java Heap above 4GB virtual address.
# This output file may be truncated or incomplete.
#
#  Out of Memory Error (arena.cpp:168), pid=9036, tid=26712
#
# JRE version: OpenJDK Runtime Environment Temurin-21.0.10+7 (21.0.10+7) (build 21.0.10+7-LTS)
# Java VM: OpenJDK 64-Bit Server VM Temurin-21.0.10+7 (21.0.10+7-LTS, mixed mode, sharing, tiered, compressed oops, compressed class ptrs, parallel gc, windows-amd64)
# No core dump will be written. Minidumps are not enabled by default on client versions of Windows
#

---------------  S U M M A R Y ------------

Command Line: --add-modules=ALL-SYSTEM --add-opens=java.base/java.util=ALL-UNNAMED --add-opens=java.base/java.lang=ALL-UNNAMED --add-opens=java.base/sun.nio.fs=ALL-UNNAMED -Declipse.application=org.eclipse.jdt.ls.core.id1 -Dosgi.bundles.defaultStartLevel=4 -Declipse.product=org.eclipse.jdt.ls.core.product -Djava.import.generatesMetadataFilesAtProjectRoot=false -DDetectVMInstallationsJob.disabled=true -Dfile.encoding=utf8 -XX:+UseParallelGC -XX:GCTimeRatio=4 -XX:AdaptiveSizePolicyWeight=90 -Dsun.zip.disableMemoryMapping=true -Xmx2G -Xms100m -Xlog:disable -javaagent:c:\Users\user\.vscode\extensions\redhat.java-1.54.0-win32-x64\lombok\lombok-1.18.39-4050.jar -XX:+HeapDumpOnOutOfMemoryError -XX:HeapDumpPath=c:\Users\user\AppData\Roaming\Code\User\workspaceStorage\01566864f5465bd7131c123e290365dd\redhat.java -Daether.dependencyCollector.impl=bf c:\Users\user\.vscode\extensions\redhat.java-1.54.0-win32-x64\server\plugins\org.eclipse.equinox.launcher_1.7.100.v20251111-0406.jar -configuration c:\Users\user\AppData\Roaming\Code\User\globalStorage\redhat.java\1.54.0\config_win -data c:\Users\user\AppData\Roaming\Code\User\workspaceStorage\01566864f5465bd7131c123e290365dd\redhat.java\jdt_ws --pipe=\\.\pipe\lsp-1e624adcb11bd5e405f2e98563973bea-sock

Host: 11th Gen Intel(R) Core(TM) i5-11400H @ 2.70GHz, 12 cores, 15G,  Windows 11 , 64 bit Build 26100 (10.0.26100.8246)
Time: Fri May 15 17:51:44 2026 Malay Peninsula Standard Time elapsed time: 24.630679 seconds (0d 0h 0m 24s)

---------------  T H R E A D  ---------------

Current thread (0x0000023686f6b2d0):  JavaThread "C2 CompilerThread0" daemon [_thread_in_native, id=26712, stack(0x000000a785700000,0x000000a785800000) (1024K)]


Current CompileTask:
C2:24630 8231       4       org.eclipse.jdt.internal.compiler.lookup.BinaryTypeBinding::createMethod (1666 bytes)

Stack: [0x000000a785700000,0x000000a785800000]
Native frames: (J=compiled Java code, j=interpreted, Vv=VM code, C=native code)
V  [jvm.dll+0x6d7a39]
V  [jvm.dll+0x8b4b26]
V  [jvm.dll+0x8b70de]
V  [jvm.dll+0x8b77c3]
V  [jvm.dll+0x284346]
V  [jvm.dll+0xc66ed]
V  [jvm.dll+0xc6c31]
V  [jvm.dll+0x2fb29e]
V  [jvm.dll+0x5fe884]
V  [jvm.dll+0x255b17]
V  [jvm.dll+0x255edd]
V  [jvm.dll+0x24e500]
V  [jvm.dll+0x24ba42]
V  [jvm.dll+0x1cb34e]
V  [jvm.dll+0x25b85d]
V  [jvm.dll+0x259dea]
V  [jvm.dll+0x3f857e]
V  [jvm.dll+0x85f59d]
V  [jvm.dll+0x6d626d]
C  [ucrtbase.dll+0x37b0]
C  [KERNEL32.DLL+0x2e8d7]
C  [ntdll.dll+0x8c3fc]


---------------  P R O C E S S  ---------------

Threads class SMR info:
_java_thread_list=0x00000236f128e4a0, length=67, elements={
0x0000023686ebeae0, 0x0000023686e6e3e0, 0x0000023686f617f0, 0x0000023686f64350,
0x0000023686f64fb0, 0x0000023686f67a20, 0x0000023686f68480, 0x0000023686f6b2d0,
0x0000023686f70550, 0x00000236dfdab0e0, 0x00000236e50801f0, 0x00000236e5a1ad40,
0x00000236e5a04a30, 0x00000236e57e1fc0, 0x00000236e53960d0, 0x00000236dfce3490,
0x00000236e5cda110, 0x00000236e5401330, 0x00000236e5e51f50, 0x00000236e564f460,
0x00000236e564faf0, 0x00000236e5650180, 0x00000236e5650810, 0x00000236e78b6120,
0x00000236e78b6e40, 0x00000236e78b4d70, 0x00000236e78b5a90, 0x00000236e78b5400,
0x00000236e78b67b0, 0x00000236e78b74d0, 0x00000236e78b4050, 0x00000236e78b7b60,
0x00000236e78b46e0, 0x00000236e78ba950, 0x00000236e78ba2c0, 0x00000236e78bafe0,
0x00000236e78bb670, 0x00000236e78b81f0, 0x00000236e78b8880, 0x00000236e78b8f10,
0x00000236e78b95a0, 0x00000236f054b7f0, 0x00000236e78b9c30, 0x00000236f0750cb0,
0x00000236f074ebe0, 0x00000236f074f900, 0x00000236f074f270, 0x00000236f0750620,
0x00000236f07519d0, 0x00000236f074e550, 0x00000236f07526f0, 0x00000236f0752d80,
0x00000236f0752060, 0x00000236f0753410, 0x00000236f0751340, 0x00000236f07554e0,
0x00000236f07547c0, 0x00000236f0754130, 0x00000236f0754e50, 0x00000236e7ac1d50,
0x00000236e7ac09a0, 0x00000236e7ac1030, 0x00000236e7ac23e0, 0x00000236e7abfc80,
0x00000236e7ac2a70, 0x00000236e7ac3790, 0x00000236e7ac0310
}

Java Threads: ( => current thread )
  0x0000023686ebeae0 JavaThread "main"                              [_thread_blocked, id=8380, stack(0x000000a784d00000,0x000000a784e00000) (1024K)]
  0x0000023686e6e3e0 JavaThread "Reference Handler"          daemon [_thread_blocked, id=26600, stack(0x000000a785100000,0x000000a785200000) (1024K)]
  0x0000023686f617f0 JavaThread "Finalizer"                  daemon [_thread_blocked, id=26204, stack(0x000000a785200000,0x000000a785300000) (1024K)]
  0x0000023686f64350 JavaThread "Signal Dispatcher"          daemon [_thread_blocked, id=23812, stack(0x000000a785300000,0x000000a785400000) (1024K)]
  0x0000023686f64fb0 JavaThread "Attach Listener"            daemon [_thread_blocked, id=23136, stack(0x000000a785400000,0x000000a785500000) (1024K)]
  0x0000023686f67a20 JavaThread "Service Thread"             daemon [_thread_blocked, id=17104, stack(0x000000a785500000,0x000000a785600000) (1024K)]
  0x0000023686f68480 JavaThread "Monitor Deflation Thread"   daemon [_thread_blocked, id=16108, stack(0x000000a785600000,0x000000a785700000) (1024K)]
=>0x0000023686f6b2d0 JavaThread "C2 CompilerThread0"         daemon [_thread_in_native, id=26712, stack(0x000000a785700000,0x000000a785800000) (1024K)]
  0x0000023686f70550 JavaThread "C1 CompilerThread0"         daemon [_thread_in_native, id=9320, stack(0x000000a785800000,0x000000a785900000) (1024K)]
  0x00000236dfdab0e0 JavaThread "Common-Cleaner"             daemon [_thread_blocked, id=16720, stack(0x000000a785900000,0x000000a785a00000) (1024K)]
  0x00000236e50801f0 JavaThread "Notification Thread"        daemon [_thread_blocked, id=28320, stack(0x000000a785b00000,0x000000a785c00000) (1024K)]
  0x00000236e5a1ad40 JavaThread "Active Thread: Equinox Container: 409a1ef8-bad2-41f4-a9ff-27702d481e9e"        [_thread_blocked, id=26780, stack(0x000000a785c00000,0x000000a785d00000) (1024K)]
  0x00000236e5a04a30 JavaThread "Refresh Thread: Equinox Container: 409a1ef8-bad2-41f4-a9ff-27702d481e9e" daemon [_thread_blocked, id=6460, stack(0x000000a785a00000,0x000000a785b00000) (1024K)]
  0x00000236e57e1fc0 JavaThread "Framework Event Dispatcher: Equinox Container: 409a1ef8-bad2-41f4-a9ff-27702d481e9e" daemon [_thread_blocked, id=2900, stack(0x000000a786400000,0x000000a786500000) (1024K)]
  0x00000236e53960d0 JavaThread "Start Level: Equinox Container: 409a1ef8-bad2-41f4-a9ff-27702d481e9e" daemon [_thread_blocked, id=26356, stack(0x000000a786500000,0x000000a786600000) (1024K)]
  0x00000236dfce3490 JavaThread "Bundle File Closer"         daemon [_thread_blocked, id=13144, stack(0x000000a786800000,0x000000a786900000) (1024K)]
  0x00000236e5cda110 JavaThread "SCR Component Actor"        daemon [_thread_blocked, id=15476, stack(0x000000a786900000,0x000000a786a00000) (1024K)]
  0x00000236e5401330 JavaThread "C2 CompilerThread1"         daemon [_thread_in_native, id=25772, stack(0x000000a786a00000,0x000000a786b00000) (1024K)]
  0x00000236e5e51f50 JavaThread "Worker-JM"                         [_thread_blocked, id=6332, stack(0x000000a786b00000,0x000000a786c00000) (1024K)]
  0x00000236e564f460 JavaThread "JNA Cleaner"                daemon [_thread_blocked, id=24100, stack(0x000000a786c00000,0x000000a786d00000) (1024K)]
  0x00000236e564faf0 JavaThread "Worker-0"                          [_thread_blocked, id=11500, stack(0x000000a786d00000,0x000000a786e00000) (1024K)]
  0x00000236e5650180 JavaThread "Worker-1"                          [_thread_blocked, id=21784, stack(0x000000a786e00000,0x000000a786f00000) (1024K)]
  0x00000236e5650810 JavaThread "Worker-2: Building"                [_thread_blocked, id=7824, stack(0x000000a786f00000,0x000000a787000000) (1024K)]
  0x00000236e78b6120 JavaThread "Java indexing"              daemon [_thread_in_Java, id=7260, stack(0x000000a787000000,0x000000a787100000) (1024K)]
  0x00000236e78b6e40 JavaThread "Worker-3"                          [_thread_blocked, id=20316, stack(0x000000a787300000,0x000000a787400000) (1024K)]
  0x00000236e78b4d70 JavaThread "Thread-1"                   daemon [_thread_in_native, id=20932, stack(0x000000a787400000,0x000000a787500000) (1024K)]
  0x00000236e78b5a90 JavaThread "Thread-2"                   daemon [_thread_in_native, id=20620, stack(0x000000a787500000,0x000000a787600000) (1024K)]
  0x00000236e78b5400 JavaThread "Thread-3"                   daemon [_thread_in_native, id=16588, stack(0x000000a787600000,0x000000a787700000) (1024K)]
  0x00000236e78b67b0 JavaThread "Thread-4"                   daemon [_thread_in_native, id=25020, stack(0x000000a787700000,0x000000a787800000) (1024K)]
  0x00000236e78b74d0 JavaThread "Thread-5"                   daemon [_thread_in_native, id=25960, stack(0x000000a787800000,0x000000a787900000) (1024K)]
  0x00000236e78b4050 JavaThread "Thread-6"                   daemon [_thread_in_native, id=11408, stack(0x000000a787900000,0x000000a787a00000) (1024K)]
  0x00000236e78b7b60 JavaThread "Thread-7"                   daemon [_thread_in_native, id=17924, stack(0x000000a787a00000,0x000000a787b00000) (1024K)]
  0x00000236e78b46e0 JavaThread "Thread-8"                   daemon [_thread_in_native, id=28156, stack(0x000000a787b00000,0x000000a787c00000) (1024K)]
  0x00000236e78ba950 JavaThread "Thread-9"                   daemon [_thread_in_native, id=27996, stack(0x000000a787c00000,0x000000a787d00000) (1024K)]
  0x00000236e78ba2c0 JavaThread "Thread-10"                  daemon [_thread_in_native, id=1156, stack(0x000000a787d00000,0x000000a787e00000) (1024K)]
  0x00000236e78bafe0 JavaThread "Thread-11"                  daemon [_thread_in_native, id=17276, stack(0x000000a787e00000,0x000000a787f00000) (1024K)]
  0x00000236e78bb670 JavaThread "Thread-12"                  daemon [_thread_in_native, id=9408, stack(0x000000a787f00000,0x000000a788000000) (1024K)]
  0x00000236e78b81f0 JavaThread "Thread-13"                  daemon [_thread_in_native, id=6736, stack(0x000000a788000000,0x000000a788100000) (1024K)]
  0x00000236e78b8880 JavaThread "pool-2-thread-1"                   [_thread_blocked, id=19488, stack(0x000000a788100000,0x000000a788200000) (1024K)]
  0x00000236e78b8f10 JavaThread "Worker-4: Java indexing... "        [_thread_blocked, id=17596, stack(0x000000a788200000,0x000000a788300000) (1024K)]
  0x00000236e78b95a0 JavaThread "Worker-5"                          [_thread_blocked, id=8520, stack(0x000000a788300000,0x000000a788400000) (1024K)]
  0x00000236f054b7f0 JavaThread "C2 CompilerThread2"         daemon [_thread_in_native, id=24928, stack(0x000000a788400000,0x000000a788500000) (1024K)]
  0x00000236e78b9c30 JavaThread "Worker-6"                          [_thread_blocked, id=24884, stack(0x000000a788500000,0x000000a788600000) (1024K)]
  0x00000236f0750cb0 JavaThread "WorkspaceEventsHandler"            [_thread_blocked, id=28660, stack(0x000000a788600000,0x000000a788700000) (1024K)]
  0x00000236f074ebe0 JavaThread "pool-1-thread-1"                   [_thread_blocked, id=3592, stack(0x000000a788700000,0x000000a788800000) (1024K)]
  0x00000236f074f900 JavaThread "Compiler Source File Reader" daemon [_thread_blocked, id=27112, stack(0x000000a788900000,0x000000a788a00000) (1024K)]
  0x00000236f074f270 JavaThread "Compiler Source File Reader" daemon [_thread_blocked, id=28280, stack(0x000000a788a00000,0x000000a788b00000) (1024K)]
  0x00000236f0750620 JavaThread "Compiler Source File Reader" daemon [_thread_blocked, id=5788, stack(0x000000a788b00000,0x000000a788c00000) (1024K)]
  0x00000236f07519d0 JavaThread "Compiler Source File Reader" daemon [_thread_blocked, id=26660, stack(0x000000a788c00000,0x000000a788d00000) (1024K)]
  0x00000236f074e550 JavaThread "Compiler Source File Reader" daemon [_thread_blocked, id=6308, stack(0x000000a788d00000,0x000000a788e00000) (1024K)]
  0x00000236f07526f0 JavaThread "Compiler Source File Reader" daemon [_thread_blocked, id=26980, stack(0x000000a788e00000,0x000000a788f00000) (1024K)]
  0x00000236f0752d80 JavaThread "Compiler Source File Reader" daemon [_thread_blocked, id=21888, stack(0x000000a788f00000,0x000000a789000000) (1024K)]
  0x00000236f0752060 JavaThread "Compiler Source File Reader" daemon [_thread_blocked, id=27160, stack(0x000000a789000000,0x000000a789100000) (1024K)]
  0x00000236f0753410 JavaThread "Compiler Source File Reader" daemon [_thread_blocked, id=11700, stack(0x000000a789100000,0x000000a789200000) (1024K)]
  0x00000236f0751340 JavaThread "Compiler Source File Reader" daemon [_thread_blocked, id=13192, stack(0x000000a789200000,0x000000a789300000) (1024K)]
  0x00000236f07554e0 JavaThread "Keep-Alive-Timer"           daemon [_thread_blocked, id=15704, stack(0x000000a789300000,0x000000a789400000) (1024K)]
  0x00000236f07547c0 JavaThread "Compiler Processing Task"   daemon [_thread_in_Java, id=10068, stack(0x000000a789400000,0x000000a789500000) (1024K)]
  0x00000236f0754130 JavaThread "Compiler Class File Writer" daemon [_thread_blocked, id=8412, stack(0x000000a789500000,0x000000a789600000) (1024K)]
  0x00000236f0754e50 JavaThread "Compiler Class File Writer" daemon [_thread_blocked, id=19880, stack(0x000000a789600000,0x000000a789700000) (1024K)]
  0x00000236e7ac1d50 JavaThread "Compiler Class File Writer" daemon [_thread_blocked, id=25564, stack(0x000000a789700000,0x000000a789800000) (1024K)]
  0x00000236e7ac09a0 JavaThread "Compiler Class File Writer" daemon [_thread_blocked, id=20864, stack(0x000000a789800000,0x000000a789900000) (1024K)]
  0x00000236e7ac1030 JavaThread "Compiler Class File Writer" daemon [_thread_blocked, id=20384, stack(0x000000a789900000,0x000000a789a00000) (1024K)]
  0x00000236e7ac23e0 JavaThread "Compiler Class File Writer" daemon [_thread_blocked, id=24892, stack(0x000000a789a00000,0x000000a789b00000) (1024K)]
  0x00000236e7abfc80 JavaThread "Compiler Class File Writer" daemon [_thread_blocked, id=26000, stack(0x000000a789b00000,0x000000a789c00000) (1024K)]
  0x00000236e7ac2a70 JavaThread "Compiler Class File Writer" daemon [_thread_blocked, id=18008, stack(0x000000a789c00000,0x000000a789d00000) (1024K)]
  0x00000236e7ac3790 JavaThread "Compiler Class File Writer" daemon [_thread_blocked, id=17536, stack(0x000000a789d00000,0x000000a789e00000) (1024K)]
  0x00000236e7ac0310 JavaThread "Compiler Class File Writer" daemon [_thread_blocked, id=24908, stack(0x000000a789e00000,0x000000a789f00000) (1024K)]
Total: 67

Other Threads:
  0x0000023686e54a90 VMThread "VM Thread"                           [id=5784, stack(0x000000a785000000,0x000000a785100000) (1024K)]
  0x0000023686f2bca0 WatcherThread "VM Periodic Task Thread"        [id=17520, stack(0x000000a784f00000,0x000000a785000000) (1024K)]
  0x0000023686edd560 WorkerThread "GC Thread#0"                     [id=23656, stack(0x000000a784e00000,0x000000a784f00000) (1024K)]
  0x00000236e53c5170 WorkerThread "GC Thread#1"                     [id=24388, stack(0x000000a785d00000,0x000000a785e00000) (1024K)]
  0x00000236e53c5520 WorkerThread "GC Thread#2"                     [id=16044, stack(0x000000a785e00000,0x000000a785f00000) (1024K)]
  0x00000236e53c58d0 WorkerThread "GC Thread#3"                     [id=6588, stack(0x000000a785f00000,0x000000a786000000) (1024K)]
  0x00000236e53c5c80 WorkerThread "GC Thread#4"                     [id=25820, stack(0x000000a786000000,0x000000a786100000) (1024K)]
  0x00000236e53c6030 WorkerThread "GC Thread#5"                     [id=26480, stack(0x000000a786100000,0x000000a786200000) (1024K)]
  0x00000236e57c4db0 WorkerThread "GC Thread#6"                     [id=25576, stack(0x000000a786200000,0x000000a786300000) (1024K)]
  0x00000236e5947140 WorkerThread "GC Thread#7"                     [id=4548, stack(0x000000a786300000,0x000000a786400000) (1024K)]
  0x00000236e53f2f70 WorkerThread "GC Thread#8"                     [id=14308, stack(0x000000a786600000,0x000000a786700000) (1024K)]
  0x00000236dff9fe70 WorkerThread "GC Thread#9"                     [id=19012, stack(0x000000a786700000,0x000000a786800000) (1024K)]
Total: 12

Threads with active compile tasks:
C2 CompilerThread0  24651 8231       4       org.eclipse.jdt.internal.compiler.lookup.BinaryTypeBinding::createMethod (1666 bytes)
C1 CompilerThread0  24651 8696       3       org.eclipse.jdt.internal.compiler.lookup.ModuleBinding::getVisiblePackage (67 bytes)
C2 CompilerThread1  24651 8421   !   4       org.eclipse.jdt.internal.compiler.parser.Parser::$SWITCH_TABLE$org$eclipse$jdt$internal$compiler$parser$TerminalToken (2065 bytes)
C2 CompilerThread2  24651 8684       4       org.eclipse.jdt.internal.compiler.classfmt.MethodInfo::getMethodDescriptor (49 bytes)
Total: 4

VM state: not at safepoint (normal execution)

VM Mutex/Monitor currently owned by a thread: None

Heap address: 0x0000000080000000, size: 2048 MB, Compressed Oops mode: 32-bit

CDS archive(s) mapped at: [0x000002369e000000-0x000002369eba0000-0x000002369eba0000), size 12189696, SharedBaseAddress: 0x000002369e000000, ArchiveRelocationMode: 1.
Compressed class space mapped at: 0x000002369f000000-0x00000236df000000, reserved size: 1073741824
Narrow klass base: 0x000002369e000000, Narrow klass shift: 0, Narrow klass range: 0x100000000

GC Precious Log:
 CardTable entry size: 512
 CPUs: 12 total, 12 available
 Memory: 16163M
 Large Page Support: Disabled
 NUMA Support: Disabled
 Compressed Oops: Enabled (32-bit)
 Alignments: Space 512K, Generation 512K, Heap 2M
 Heap Min Capacity: 100M
 Heap Initial Capacity: 100M
 Heap Max Capacity: 2G
 Pre-touch: Disabled
 Parallel Workers: 10

Heap:
 PSYoungGen      total 20992K, used 5697K [0x00000000d5580000, 0x00000000d6d80000, 0x0000000100000000)
  eden space 18432K, 17% used [0x00000000d5580000,0x00000000d5894468,0x00000000d6780000)
  from space 2560K, 99% used [0x00000000d6880000,0x00000000d6afc030,0x00000000d6b00000)
  to   space 2560K, 0% used [0x00000000d6b00000,0x00000000d6b00000,0x00000000d6d80000)
 ParOldGen       total 68608K, used 42913K [0x0000000080000000, 0x0000000084300000, 0x00000000d5580000)
  object space 68608K, 62% used [0x0000000080000000,0x00000000829e86b8,0x0000000084300000)
 Metaspace       used 59950K, committed 61184K, reserved 1114112K
  class space    used 6461K, committed 6976K, reserved 1048576K

Card table byte_map: [0x0000023686860000,0x0000023686c70000] _byte_map_base: 0x0000023686460000

Marking Bits: (ParMarkBitMap*) 0x00007ff9b4a83450
 Begin Bits: [0x0000023699370000, 0x000002369b370000)
 End Bits:   [0x000002369b370000, 0x000002369d370000)

Polling page: 0x0000023684cf0000

Metaspace:

Usage:
  Non-class:     52.23 MB used.
      Class:      6.31 MB used.
       Both:     58.55 MB used.

Virtual space:
  Non-class space:       64.00 MB reserved,      52.94 MB ( 83%) committed,  1 nodes.
      Class space:        1.00 GB reserved,       6.81 MB ( <1%) committed,  1 nodes.
             Both:        1.06 GB reserved,      59.75 MB (  5%) committed. 

Chunk freelists:
   Non-Class:  10.23 MB
       Class:  9.02 MB
        Both:  19.26 MB

MaxMetaspaceSize: unlimited
CompressedClassSpaceSize: 1.00 GB
Initial GC threshold: 21.00 MB
Current GC threshold: 97.31 MB
CDS: on
 - commit_granule_bytes: 65536.
 - commit_granule_words: 8192.
 - virtual_space_node_default_size: 8388608.
 - enlarge_chunks_in_place: 1.
 - use_allocation_guard: 0.


Internal statistics:

num_allocs_failed_limit: 9.
num_arena_births: 970.
num_arena_deaths: 14.
num_vsnodes_births: 2.
num_vsnodes_deaths: 0.
num_space_committed: 956.
num_space_uncommitted: 0.
num_chunks_returned_to_freelist: 23.
num_chunks_taken_from_freelist: 3576.
num_chunk_merges: 13.
num_chunk_splits: 2166.
num_chunks_enlarged: 1182.
num_inconsistent_stats: 0.

CodeHeap 'non-profiled nmethods': size=120000Kb used=4910Kb max_used=4910Kb free=115089Kb
 bounds [0x0000023691b90000, 0x0000023692060000, 0x00000236990c0000]
CodeHeap 'profiled nmethods': size=120000Kb used=17810Kb max_used=17810Kb free=102189Kb
 bounds [0x000002368a0c0000, 0x000002368b230000, 0x00000236915f0000]
CodeHeap 'non-nmethods': size=5760Kb used=1455Kb max_used=1518Kb free=4304Kb
 bounds [0x00000236915f0000, 0x0000023691860000, 0x0000023691b90000]
CodeCache: size=245760Kb, used=24175Kb, max_used=24238Kb, free=221582Kb
 total_blobs=8640, nmethods=7882, adapters=664, full_count=0
Compilation: enabled, stopped_count=0, restarted_count=0

Compilation events (20 events):
Event: 24.615 Thread 0x0000023686f70550 nmethod 8615 0x000002368b1e3b90 code [0x000002368b1e3e40, 0x000002368b1e4b88]
Event: 24.615 Thread 0x0000023686f70550 8618       3       org.eclipse.jdt.internal.compiler.lookup.Scope$Substitutor::substitute (92 bytes)
Event: 24.615 Thread 0x0000023686f70550 nmethod 8618 0x000002368b1e5010 code [0x000002368b1e5220, 0x000002368b1e5a60]
Event: 24.615 Thread 0x0000023686f70550 8617       3       org.eclipse.jdt.internal.core.JavaProject::getResolvedClasspath (49 bytes)
Event: 24.616 Thread 0x0000023686f70550 nmethod 8617 0x000002368b1e5d10 code [0x000002368b1e5f60, 0x000002368b1e6c00]
Event: 24.616 Thread 0x0000023686f70550 8598       3       org.eclipse.jdt.internal.compiler.lookup.SourceTypeBinding::areComponentsInitialized (29 bytes)
Event: 24.616 Thread 0x0000023686f70550 nmethod 8598 0x000002368b1e6f90 code [0x000002368b1e7180, 0x000002368b1e77c0]
Event: 24.616 Thread 0x0000023686f70550 8600       3       org.eclipse.jdt.internal.compiler.lookup.SourceTypeBinding::areFieldsInitialized (29 bytes)
Event: 24.616 Thread 0x0000023686f70550 nmethod 8600 0x000002368b1e7910 code [0x000002368b1e7b00, 0x000002368b1e8140]
Event: 24.616 Thread 0x0000023686f70550 8602       3       org.eclipse.jdt.internal.compiler.lookup.MethodBinding::isNative (15 bytes)
Event: 24.616 Thread 0x0000023686f70550 nmethod 8602 0x000002368b1e8290 code [0x000002368b1e8440, 0x000002368b1e85b8]
Event: 24.616 Thread 0x0000023686f70550 8607       1       lombok.eclipse.TransformEclipseAST$AnnotationVisitor::getNextPriority (5 bytes)
Event: 24.616 Thread 0x0000023686f70550 nmethod 8607 0x000002369203cb90 code [0x000002369203cd20, 0x000002369203cde8]
Event: 24.616 Thread 0x0000023686f70550 8608       1       lombok.eclipse.EclipseAST::isCompleteParse (5 bytes)
Event: 24.617 Thread 0x0000023686f70550 nmethod 8608 0x000002369203ce90 code [0x000002369203d020, 0x000002369203d0f0]
Event: 24.617 Thread 0x0000023686f70550 8619       1       org.eclipse.jdt.internal.compiler.lookup.MethodBinding::kind (3 bytes)
Event: 24.617 Thread 0x0000023686f70550 nmethod 8619 0x000002369203d190 code [0x000002369203d320, 0x000002369203d3e8]
Event: 24.617 Thread 0x0000023686f70550 8621       3       org.eclipse.jdt.internal.compiler.lookup.TypeBinding::getErasureCompatibleType (331 bytes)
Event: 24.617 Thread 0x0000023686f70550 nmethod 8621 0x000002368b1e8690 code [0x000002368b1e8a40, 0x000002368b1ea400]
Event: 24.617 Thread 0x0000023686f70550 8624       3       org.eclipse.jdt.internal.compiler.lookup.Scope::getTypeOrPackage (1525 bytes)

GC Heap History (20 events):
Event: 22.680 GC heap before
{Heap before GC invocations=30 (full 2):
 PSYoungGen      total 19456K, used 19447K [0x00000000d5580000, 0x00000000d7280000, 0x0000000100000000)
  eden space 18432K, 100% used [0x00000000d5580000,0x00000000d6780000,0x00000000d6780000)
  from space 1024K, 99% used [0x00000000d6880000,0x00000000d697dcc8,0x00000000d6980000)
  to   space 5632K, 0% used [0x00000000d6d00000,0x00000000d6d00000,0x00000000d7280000)
 ParOldGen       total 68608K, used 41332K [0x0000000080000000, 0x0000000084300000, 0x00000000d5580000)
  object space 68608K, 60% used [0x0000000080000000,0x000000008285d160,0x0000000084300000)
 Metaspace       used 49707K, committed 50880K, reserved 1114112K
  class space    used 5364K, committed 5888K, reserved 1048576K
}
Event: 22.681 GC heap after
{Heap after GC invocations=30 (full 2):
 PSYoungGen      total 19456K, used 1024K [0x00000000d5580000, 0x00000000d6e00000, 0x0000000100000000)
  eden space 18432K, 0% used [0x00000000d5580000,0x00000000d5580000,0x00000000d6780000)
  from space 1024K, 100% used [0x00000000d6d00000,0x00000000d6e00000,0x00000000d6e00000)
  to   space 2560K, 0% used [0x00000000d6900000,0x00000000d6900000,0x00000000d6b80000)
 ParOldGen       total 68608K, used 42004K [0x0000000080000000, 0x0000000084300000, 0x00000000d5580000)
  object space 68608K, 61% used [0x0000000080000000,0x0000000082905170,0x0000000084300000)
 Metaspace       used 49707K, committed 50880K, reserved 1114112K
  class space    used 5364K, committed 5888K, reserved 1048576K
}
Event: 22.811 GC heap before
{Heap before GC invocations=31 (full 2):
 PSYoungGen      total 19456K, used 19456K [0x00000000d5580000, 0x00000000d6e00000, 0x0000000100000000)
  eden space 18432K, 100% used [0x00000000d5580000,0x00000000d6780000,0x00000000d6780000)
  from space 1024K, 100% used [0x00000000d6d00000,0x00000000d6e00000,0x00000000d6e00000)
  to   space 2560K, 0% used [0x00000000d6900000,0x00000000d6900000,0x00000000d6b80000)
 ParOldGen       total 68608K, used 42004K [0x0000000080000000, 0x0000000084300000, 0x00000000d5580000)
  object space 68608K, 61% used [0x0000000080000000,0x0000000082905170,0x0000000084300000)
 Metaspace       used 50932K, committed 52160K, reserved 1114112K
  class space    used 5546K, committed 6080K, reserved 1048576K
}
Event: 22.812 GC heap after
{Heap after GC invocations=31 (full 2):
 PSYoungGen      total 20992K, used 863K [0x00000000d5580000, 0x00000000d6d80000, 0x0000000100000000)
  eden space 18432K, 0% used [0x00000000d5580000,0x00000000d5580000,0x00000000d6780000)
  from space 2560K, 33% used [0x00000000d6900000,0x00000000d69d7e10,0x00000000d6b80000)
  to   space 1536K, 0% used [0x00000000d6c00000,0x00000000d6c00000,0x00000000d6d80000)
 ParOldGen       total 68608K, used 42829K [0x0000000080000000, 0x0000000084300000, 0x00000000d5580000)
  object space 68608K, 62% used [0x0000000080000000,0x00000000829d3488,0x0000000084300000)
 Metaspace       used 50932K, committed 52160K, reserved 1114112K
  class space    used 5546K, committed 6080K, reserved 1048576K
}
Event: 22.965 GC heap before
{Heap before GC invocations=32 (full 2):
 PSYoungGen      total 20992K, used 19295K [0x00000000d5580000, 0x00000000d6d80000, 0x0000000100000000)
  eden space 18432K, 100% used [0x00000000d5580000,0x00000000d6780000,0x00000000d6780000)
  from space 2560K, 33% used [0x00000000d6900000,0x00000000d69d7e10,0x00000000d6b80000)
  to   space 1536K, 0% used [0x00000000d6c00000,0x00000000d6c00000,0x00000000d6d80000)
 ParOldGen       total 68608K, used 42829K [0x0000000080000000, 0x0000000084300000, 0x00000000d5580000)
  object space 68608K, 62% used [0x0000000080000000,0x00000000829d3488,0x0000000084300000)
 Metaspace       used 52375K, committed 53568K, reserved 1114112K
  class space    used 5732K, committed 6272K, reserved 1048576K
}
Event: 22.966 GC heap after
{Heap after GC invocations=32 (full 2):
 PSYoungGen      total 19968K, used 1401K [0x00000000d5580000, 0x00000000d6d80000, 0x0000000100000000)
  eden space 18432K, 0% used [0x00000000d5580000,0x00000000d5580000,0x00000000d6780000)
  from space 1536K, 91% used [0x00000000d6c00000,0x00000000d6d5e5d0,0x00000000d6d80000)
  to   space 1536K, 0% used [0x00000000d6a80000,0x00000000d6a80000,0x00000000d6c00000)
 ParOldGen       total 68608K, used 43256K [0x0000000080000000, 0x0000000084300000, 0x00000000d5580000)
  object space 68608K, 63% used [0x0000000080000000,0x0000000082a3e300,0x0000000084300000)
 Metaspace       used 52375K, committed 53568K, reserved 1114112K
  class space    used 5732K, committed 6272K, reserved 1048576K
}
Event: 23.069 GC heap before
{Heap before GC invocations=33 (full 2):
 PSYoungGen      total 19968K, used 19833K [0x00000000d5580000, 0x00000000d6d80000, 0x0000000100000000)
  eden space 18432K, 100% used [0x00000000d5580000,0x00000000d6780000,0x00000000d6780000)
  from space 1536K, 91% used [0x00000000d6c00000,0x00000000d6d5e5d0,0x00000000d6d80000)
  to   space 1536K, 0% used [0x00000000d6a80000,0x00000000d6a80000,0x00000000d6c00000)
 ParOldGen       total 68608K, used 43256K [0x0000000080000000, 0x0000000084300000, 0x00000000d5580000)
  object space 68608K, 63% used [0x0000000080000000,0x0000000082a3e300,0x0000000084300000)
 Metaspace       used 53775K, committed 54976K, reserved 1114112K
  class space    used 5918K, committed 6464K, reserved 1048576K
}
Event: 23.070 GC heap after
{Heap after GC invocations=33 (full 2):
 PSYoungGen      total 19968K, used 1536K [0x00000000d5580000, 0x00000000d6d80000, 0x0000000100000000)
  eden space 18432K, 0% used [0x00000000d5580000,0x00000000d5580000,0x00000000d6780000)
  from space 1536K, 100% used [0x00000000d6a80000,0x00000000d6c00000,0x00000000d6c00000)
  to   space 1536K, 0% used [0x00000000d6c00000,0x00000000d6c00000,0x00000000d6d80000)
 ParOldGen       total 68608K, used 44148K [0x0000000080000000, 0x0000000084300000, 0x00000000d5580000)
  object space 68608K, 64% used [0x0000000080000000,0x0000000082b1d368,0x0000000084300000)
 Metaspace       used 53775K, committed 54976K, reserved 1114112K
  class space    used 5918K, committed 6464K, reserved 1048576K
}
Event: 23.188 GC heap before
{Heap before GC invocations=34 (full 2):
 PSYoungGen      total 19968K, used 19968K [0x00000000d5580000, 0x00000000d6d80000, 0x0000000100000000)
  eden space 18432K, 100% used [0x00000000d5580000,0x00000000d6780000,0x00000000d6780000)
  from space 1536K, 100% used [0x00000000d6a80000,0x00000000d6c00000,0x00000000d6c00000)
  to   space 1536K, 0% used [0x00000000d6c00000,0x00000000d6c00000,0x00000000d6d80000)
 ParOldGen       total 68608K, used 44148K [0x0000000080000000, 0x0000000084300000, 0x00000000d5580000)
  object space 68608K, 64% used [0x0000000080000000,0x0000000082b1d368,0x0000000084300000)
 Metaspace       used 54955K, committed 56128K, reserved 1114112K
  class space    used 6014K, committed 6528K, reserved 1048576K
}
Event: 23.190 GC heap after
{Heap after GC invocations=34 (full 2):
 PSYoungGen      total 19968K, used 1529K [0x00000000d5580000, 0x00000000d6e80000, 0x0000000100000000)
  eden space 18432K, 0% used [0x00000000d5580000,0x00000000d5580000,0x00000000d6780000)
  from space 1536K, 99% used [0x00000000d6c00000,0x00000000d6d7e640,0x00000000d6d80000)
  to   space 3584K, 0% used [0x00000000d6780000,0x00000000d6780000,0x00000000d6b00000)
 ParOldGen       total 68608K, used 45856K [0x0000000080000000, 0x0000000084300000, 0x00000000d5580000)
  object space 68608K, 66% used [0x0000000080000000,0x0000000082cc80b0,0x0000000084300000)
 Metaspace       used 54955K, committed 56128K, reserved 1114112K
  class space    used 6014K, committed 6528K, reserved 1048576K
}
Event: 23.260 GC heap before
{Heap before GC invocations=35 (full 2):
 PSYoungGen      total 19968K, used 19941K [0x00000000d5580000, 0x00000000d6e80000, 0x0000000100000000)
  eden space 18432K, 99% used [0x00000000d5580000,0x00000000d677aed0,0x00000000d6780000)
  from space 1536K, 99% used [0x00000000d6c00000,0x00000000d6d7e640,0x00000000d6d80000)
  to   space 3584K, 0% used [0x00000000d6780000,0x00000000d6780000,0x00000000d6b00000)
 ParOldGen       total 68608K, used 45856K [0x0000000080000000, 0x0000000084300000, 0x00000000d5580000)
  object space 68608K, 66% used [0x0000000080000000,0x0000000082cc80b0,0x0000000084300000)
 Metaspace       used 55325K, committed 56512K, reserved 1114112K
  class space    used 6059K, committed 6592K, reserved 1048576K
}
Event: 23.263 GC heap after
{Heap after GC invocations=35 (full 2):
 PSYoungGen      total 19968K, used 1039K [0x00000000d5580000, 0x00000000d6c80000, 0x0000000100000000)
  eden space 18432K, 0% used [0x00000000d5580000,0x00000000d5580000,0x00000000d6780000)
  from space 1536K, 67% used [0x00000000d6780000,0x00000000d6883fc8,0x00000000d6900000)
  to   space 2048K, 0% used [0x00000000d6a80000,0x00000000d6a80000,0x00000000d6c80000)
 ParOldGen       total 68608K, used 46894K [0x0000000080000000, 0x0000000084300000, 0x00000000d5580000)
  object space 68608K, 68% used [0x0000000080000000,0x0000000082dcb8c8,0x0000000084300000)
 Metaspace       used 55325K, committed 56512K, reserved 1114112K
  class space    used 6059K, committed 6592K, reserved 1048576K
}
Event: 23.413 GC heap before
{Heap before GC invocations=36 (full 2):
 PSYoungGen      total 19968K, used 19471K [0x00000000d5580000, 0x00000000d6c80000, 0x0000000100000000)
  eden space 18432K, 100% used [0x00000000d5580000,0x00000000d6780000,0x00000000d6780000)
  from space 1536K, 67% used [0x00000000d6780000,0x00000000d6883fc8,0x00000000d6900000)
  to   space 2048K, 0% used [0x00000000d6a80000,0x00000000d6a80000,0x00000000d6c80000)
 ParOldGen       total 68608K, used 46894K [0x0000000080000000, 0x0000000084300000, 0x00000000d5580000)
  object space 68608K, 68% used [0x0000000080000000,0x0000000082dcb8c8,0x0000000084300000)
 Metaspace       used 57073K, committed 58240K, reserved 1114112K
  class space    used 6203K, committed 6720K, reserved 1048576K
}
Event: 23.415 GC heap after
{Heap after GC invocations=36 (full 2):
 PSYoungGen      total 19456K, used 640K [0x00000000d5580000, 0x00000000d6b80000, 0x0000000100000000)
  eden space 18432K, 0% used [0x00000000d5580000,0x00000000d5580000,0x00000000d6780000)
  from space 1024K, 62% used [0x00000000d6a80000,0x00000000d6b20000,0x00000000d6b80000)
  to   space 1024K, 0% used [0x00000000d6980000,0x00000000d6980000,0x00000000d6a80000)
 ParOldGen       total 68608K, used 47452K [0x0000000080000000, 0x0000000084300000, 0x00000000d5580000)
  object space 68608K, 69% used [0x0000000080000000,0x0000000082e572d0,0x0000000084300000)
 Metaspace       used 57073K, committed 58240K, reserved 1114112K
  class space    used 6203K, committed 6720K, reserved 1048576K
}
Event: 23.791 GC heap before
{Heap before GC invocations=37 (full 2):
 PSYoungGen      total 19456K, used 18231K [0x00000000d5580000, 0x00000000d6b80000, 0x0000000100000000)
  eden space 18432K, 95% used [0x00000000d5580000,0x00000000d66adcd0,0x00000000d6780000)
  from space 1024K, 62% used [0x00000000d6a80000,0x00000000d6b20000,0x00000000d6b80000)
  to   space 1024K, 0% used [0x00000000d6980000,0x00000000d6980000,0x00000000d6a80000)
 ParOldGen       total 68608K, used 47452K [0x0000000080000000, 0x0000000084300000, 0x00000000d5580000)
  object space 68608K, 69% used [0x0000000080000000,0x0000000082e572d0,0x0000000084300000)
 Metaspace       used 58548K, committed 59776K, reserved 1114112K
  class space    used 6367K, committed 6912K, reserved 1048576K
}
Event: 23.793 GC heap after
{Heap after GC invocations=37 (full 2):
 PSYoungGen      total 19456K, used 1008K [0x00000000d5580000, 0x00000000d6e80000, 0x0000000100000000)
  eden space 18432K, 0% used [0x00000000d5580000,0x00000000d5580000,0x00000000d6780000)
  from space 1024K, 98% used [0x00000000d6980000,0x00000000d6a7c1e0,0x00000000d6a80000)
  to   space 3584K, 0% used [0x00000000d6b00000,0x00000000d6b00000,0x00000000d6e80000)
 ParOldGen       total 68608K, used 49464K [0x0000000080000000, 0x0000000084300000, 0x00000000d5580000)
  object space 68608K, 72% used [0x0000000080000000,0x000000008304e088,0x0000000084300000)
 Metaspace       used 58548K, committed 59776K, reserved 1114112K
  class space    used 6367K, committed 6912K, reserved 1048576K
}
Event: 23.793 GC heap before
{Heap before GC invocations=38 (full 3):
 PSYoungGen      total 19456K, used 1008K [0x00000000d5580000, 0x00000000d6e80000, 0x0000000100000000)
  eden space 18432K, 0% used [0x00000000d5580000,0x00000000d5580000,0x00000000d6780000)
  from space 1024K, 98% used [0x00000000d6980000,0x00000000d6a7c1e0,0x00000000d6a80000)
  to   space 3584K, 0% used [0x00000000d6b00000,0x00000000d6b00000,0x00000000d6e80000)
 ParOldGen       total 68608K, used 49464K [0x0000000080000000, 0x0000000084300000, 0x00000000d5580000)
  object space 68608K, 72% used [0x0000000080000000,0x000000008304e088,0x0000000084300000)
 Metaspace       used 58548K, committed 59776K, reserved 1114112K
  class space    used 6367K, committed 6912K, reserved 1048576K
}
Event: 23.844 GC heap after
{Heap after GC invocations=38 (full 3):
 PSYoungGen      total 19456K, used 0K [0x00000000d5580000, 0x00000000d6e80000, 0x0000000100000000)
  eden space 18432K, 0% used [0x00000000d5580000,0x00000000d5580000,0x00000000d6780000)
  from space 1024K, 0% used [0x00000000d6980000,0x00000000d6980000,0x00000000d6a80000)
  to   space 3584K, 0% used [0x00000000d6b00000,0x00000000d6b00000,0x00000000d6e80000)
 ParOldGen       total 68608K, used 41448K [0x0000000080000000, 0x0000000084300000, 0x00000000d5580000)
  object space 68608K, 60% used [0x0000000080000000,0x000000008287a300,0x0000000084300000)
 Metaspace       used 58548K, committed 59776K, reserved 1114112K
  class space    used 6367K, committed 6912K, reserved 1048576K
}
Event: 24.325 GC heap before
{Heap before GC invocations=39 (full 3):
 PSYoungGen      total 19456K, used 18431K [0x00000000d5580000, 0x00000000d6e80000, 0x0000000100000000)
  eden space 18432K, 99% used [0x00000000d5580000,0x00000000d677fff8,0x00000000d6780000)
  from space 1024K, 0% used [0x00000000d6980000,0x00000000d6980000,0x00000000d6a80000)
  to   space 3584K, 0% used [0x00000000d6b00000,0x00000000d6b00000,0x00000000d6e80000)
 ParOldGen       total 68608K, used 41448K [0x0000000080000000, 0x0000000084300000, 0x00000000d5580000)
  object space 68608K, 60% used [0x0000000080000000,0x000000008287a300,0x0000000084300000)
 Metaspace       used 59361K, committed 60544K, reserved 1114112K
  class space    used 6428K, committed 6912K, reserved 1048576K
}
Event: 24.326 GC heap after
{Heap after GC invocations=39 (full 3):
 PSYoungGen      total 20992K, used 2199K [0x00000000d5580000, 0x00000000d6d80000, 0x0000000100000000)
  eden space 18432K, 0% used [0x00000000d5580000,0x00000000d5580000,0x00000000d6780000)
  from space 2560K, 85% used [0x00000000d6b00000,0x00000000d6d25d68,0x00000000d6d80000)
  to   space 2560K, 0% used [0x00000000d6880000,0x00000000d6880000,0x00000000d6b00000)
 ParOldGen       total 68608K, used 41456K [0x0000000080000000, 0x0000000084300000, 0x00000000d5580000)
  object space 68608K, 60% used [0x0000000080000000,0x000000008287c300,0x0000000084300000)
 Metaspace       used 59361K, committed 60544K, reserved 1114112K
  class space    used 6428K, committed 6912K, reserved 1048576K
}

Dll operation events (12 events):
Event: 0.050 Loaded shared library c:\Users\user\.vscode\extensions\redhat.java-1.54.0-win32-x64\jre\21.0.10-win32-x86_64\bin\java.dll
Event: 0.153 Loaded shared library c:\Users\user\.vscode\extensions\redhat.java-1.54.0-win32-x64\jre\21.0.10-win32-x86_64\bin\zip.dll
Event: 0.173 Loaded shared library C:\Users\user\.vscode\extensions\redhat.java-1.54.0-win32-x64\jre\21.0.10-win32-x86_64\bin\instrument.dll
Event: 0.180 Loaded shared library C:\Users\user\.vscode\extensions\redhat.java-1.54.0-win32-x64\jre\21.0.10-win32-x86_64\bin\net.dll
Event: 0.186 Loaded shared library C:\Users\user\.vscode\extensions\redhat.java-1.54.0-win32-x64\jre\21.0.10-win32-x86_64\bin\nio.dll
Event: 0.189 Loaded shared library C:\Users\user\.vscode\extensions\redhat.java-1.54.0-win32-x64\jre\21.0.10-win32-x86_64\bin\zip.dll
Event: 0.206 Loaded shared library C:\Users\user\.vscode\extensions\redhat.java-1.54.0-win32-x64\jre\21.0.10-win32-x86_64\bin\jimage.dll
Event: 0.296 Loaded shared library c:\Users\user\.vscode\extensions\redhat.java-1.54.0-win32-x64\jre\21.0.10-win32-x86_64\bin\verify.dll
Event: 3.874 Loaded shared library C:\Users\user\AppData\Roaming\Code\User\globalStorage\redhat.java\1.54.0\config_win\org.eclipse.equinox.launcher\org.eclipse.equinox.launcher.win32.win32.x86_64_1.3.0.v20260203-2149\eclipse_11919.dll
Event: 19.524 Loaded shared library C:\Users\user\AppData\Local\Temp\jna-3599307\jna16417202313658730502.dll
Event: 21.240 Loaded shared library C:\Users\user\.vscode\extensions\redhat.java-1.54.0-win32-x64\jre\21.0.10-win32-x86_64\bin\sunmscapi.dll
Event: 21.946 Loaded shared library C:\Users\user\.vscode\extensions\redhat.java-1.54.0-win32-x64\jre\21.0.10-win32-x86_64\bin\extnet.dll

Deoptimization events (20 events):
Event: 24.355 Thread 0x00000236e5650810 Uncommon trap: trap_request=0xffffffc6 fr.pc=0x0000023691cd5918 relative=0x0000000000000418
Event: 24.355 Thread 0x00000236e5650810 Uncommon trap: reason=bimorphic_or_optimized_type_check action=maybe_recompile pc=0x0000023691cd5918 method=java.util.Arrays.binarySearch0([Ljava/lang/Object;IILjava/lang/Object;Ljava/util/Comparator;)I @ 48 c2
Event: 24.355 Thread 0x00000236e5650810 DEOPT PACKING pc=0x0000023691cd5918 sp=0x000000a786ffed90
Event: 24.355 Thread 0x00000236e5650810 DEOPT UNPACKING pc=0x0000023691646da2 sp=0x000000a786ffed38 mode 2
Event: 24.521 Thread 0x00000236e5650810 Uncommon trap: trap_request=0xffffff45 fr.pc=0x0000023691f9ec14 relative=0x0000000000000e14
Event: 24.528 Thread 0x00000236e5650810 Uncommon trap: reason=unstable_if action=reinterpret pc=0x0000023691f9ec14 method=org.eclipse.jdt.core.compiler.CharOperation.splitOn(C[CII)[[C @ 19 c2
Event: 24.528 Thread 0x00000236e5650810 DEOPT PACKING pc=0x0000023691f9ec14 sp=0x000000a786ffe340
Event: 24.528 Thread 0x00000236e5650810 DEOPT UNPACKING pc=0x0000023691646da2 sp=0x000000a786ffe308 mode 2
Event: 24.551 Thread 0x00000236e78b6120 Uncommon trap: trap_request=0xffffff45 fr.pc=0x00000236920145d8 relative=0x0000000000004c38
Event: 24.558 Thread 0x00000236e78b6120 Uncommon trap: reason=unstable_if action=reinterpret pc=0x00000236920145d8 method=org.eclipse.jdt.internal.compiler.classfmt.ClassFileReader.<init>([B[CZ)V @ 964 c2
Event: 24.559 Thread 0x00000236e78b6120 DEOPT PACKING pc=0x00000236920145d8 sp=0x000000a7870fd2b0
Event: 24.560 Thread 0x00000236e78b6120 DEOPT UNPACKING pc=0x0000023691646da2 sp=0x000000a7870fd260 mode 2
Event: 24.574 Thread 0x00000236f07547c0 DEOPT PACKING pc=0x000002368b1a3ef2 sp=0x000000a7894fdd80
Event: 24.574 Thread 0x00000236f07547c0 DEOPT UNPACKING pc=0x00000236916478e2 sp=0x000000a7894fd2f8 mode 0
Event: 24.590 Thread 0x00000236f07547c0 DEOPT PACKING pc=0x000002368b1a3ef2 sp=0x000000a7894fd800
Event: 24.590 Thread 0x00000236f07547c0 DEOPT UNPACKING pc=0x00000236916478e2 sp=0x000000a7894fcd78 mode 0
Event: 24.614 Thread 0x00000236f07547c0 DEOPT PACKING pc=0x000002368b1a3ef2 sp=0x000000a7894fdcf0
Event: 24.614 Thread 0x00000236f07547c0 DEOPT UNPACKING pc=0x00000236916478e2 sp=0x000000a7894fd268 mode 0
Event: 24.619 Thread 0x00000236e78b6120 DEOPT PACKING pc=0x000002368a10d1b0 sp=0x000000a7870fe850
Event: 24.619 Thread 0x00000236e78b6120 DEOPT UNPACKING pc=0x00000236916478e2 sp=0x000000a7870fdd38 mode 0

Classes loaded (20 events):
Event: 23.397 Loading class java/nio/file/Files$2
Event: 23.397 Loading class java/nio/file/Files$2 done
Event: 23.495 Loading class java/util/concurrent/ArrayBlockingQueue
Event: 23.496 Loading class java/util/concurrent/ArrayBlockingQueue done
Event: 23.500 Loading class java/util/stream/ReferencePipeline$4
Event: 23.500 Loading class java/util/stream/ReferencePipeline$4 done
Event: 23.500 Loading class java/util/stream/Nodes$IntFixedNodeBuilder
Event: 23.501 Loading class java/util/stream/Node$Builder$OfInt
Event: 23.501 Loading class java/util/stream/Node$Builder$OfInt done
Event: 23.501 Loading class java/util/stream/Nodes$IntArrayNode
Event: 23.501 Loading class java/util/stream/Nodes$IntArrayNode done
Event: 23.501 Loading class java/util/stream/Nodes$IntFixedNodeBuilder done
Event: 23.501 Loading class java/util/stream/ReferencePipeline$4$1
Event: 23.501 Loading class java/util/stream/ReferencePipeline$4$1 done
Event: 23.539 Loading class java/util/Hashtable$ValueCollection
Event: 23.539 Loading class java/util/Hashtable$ValueCollection done
Event: 23.542 Loading class java/util/concurrent/ConcurrentHashMap$KeySpliterator
Event: 23.542 Loading class java/util/concurrent/ConcurrentHashMap$KeySpliterator done
Event: 23.546 Loading class sun/nio/ch/ChannelOutputStream
Event: 23.547 Loading class sun/nio/ch/ChannelOutputStream done

Classes unloaded (7 events):
Event: 20.045 Thread 0x0000023686e54a90 Unloading class 0x000002369f1a4800 'java/lang/invoke/LambdaForm$MH+0x000002369f1a4800'
Event: 20.045 Thread 0x0000023686e54a90 Unloading class 0x000002369f1a4400 'java/lang/invoke/LambdaForm$MH+0x000002369f1a4400'
Event: 20.045 Thread 0x0000023686e54a90 Unloading class 0x000002369f1a4000 'java/lang/invoke/LambdaForm$MH+0x000002369f1a4000'
Event: 20.045 Thread 0x0000023686e54a90 Unloading class 0x000002369f1a3c00 'java/lang/invoke/LambdaForm$MH+0x000002369f1a3c00'
Event: 20.045 Thread 0x0000023686e54a90 Unloading class 0x000002369f1a3800 'java/lang/invoke/LambdaForm$BMH+0x000002369f1a3800'
Event: 20.045 Thread 0x0000023686e54a90 Unloading class 0x000002369f1a3400 'java/lang/invoke/LambdaForm$DMH+0x000002369f1a3400'
Event: 20.045 Thread 0x0000023686e54a90 Unloading class 0x000002369f1a2000 'java/lang/invoke/LambdaForm$DMH+0x000002369f1a2000'

Classes redefined (0 events):
No events

Internal exceptions (20 events):
Event: 22.759 Thread 0x00000236e564faf0 Exception <a 'java/lang/ExceptionInInitializerError'{0x00000000d5ef3650}> (0x00000000d5ef3650) 
thrown [s\src\hotspot\share\oops\instanceKlass.cpp, line 1220]
Event: 22.776 Thread 0x00000236e564faf0 Implicit null exception at 0x0000023691cfd67e to 0x0000023691cfd8f0
Event: 22.776 Thread 0x00000236e564faf0 Implicit null exception at 0x0000023691c4519c to 0x0000023691c460bc
Event: 22.777 Thread 0x00000236e564faf0 Exception <a 'java/lang/NoSuchMethodError'{0x00000000d6188ba0}: 'java.lang.Object java.lang.invoke.Invokers$Holder.invokeExact_MT(java.lang.Object, int, java.lang.Object)'> (0x00000000d6188ba0) 
thrown [s\src\hotspot\share\interpreter\linkResolver.cpp, line 773]
Event: 22.996 Thread 0x00000236e78b6e40 Exception <a 'java/lang/NoSuchMethodError'{0x00000000d5b8c9b0}: 'void java.lang.invoke.DirectMethodHandle$Holder.invokeStaticInit(java.lang.Object, java.lang.Object, java.lang.Object, java.lang.Object)'> (0x00000000d5b8c9b0) 
thrown [s\src\hotspot\share\interpreter\linkResolver.cpp, line 773]
Event: 23.018 Thread 0x00000236e564faf0 Exception <a 'java/lang/NoClassDefFoundError'{0x00000000d6148ad0}: com/google/inject/servlet/ServletModuleTargetVisitor> (0x00000000d6148ad0) 
thrown [s\src\hotspot\share\classfile\systemDictionary.cpp, line 301]
Event: 23.399 Thread 0x00000236e5650180 Exception <a 'java/lang/NoSuchMethodError'{0x00000000d66c73d0}: 'int java.lang.invoke.DirectMethodHandle$Holder.invokeSpecialIFC(java.lang.Object, java.lang.Object, java.lang.Object)'> (0x00000000d66c73d0) 
thrown [s\src\hotspot\share\interpreter\linkResolver.cpp, line 773]
Event: 23.544 Thread 0x00000236e5650180 Exception <a 'java/lang/NoSuchMethodError'{0x00000000d5c5bb58}: 'java.lang.Object java.lang.invoke.DirectMethodHandle$Holder.newInvokeSpecial(java.lang.Object, java.lang.Object, int, int, java.lang.Object)'> (0x00000000d5c5bb58) 
thrown [s\src\hotspot\share\interpreter\linkResolver.cpp, line 773]
Event: 23.701 Thread 0x00000236f07547c0 Exception <a 'java/lang/NoSuchMethodError'{0x00000000d62f2a18}: 'java.lang.Object java.lang.invoke.DirectMethodHandle$Holder.invokeStatic(java.lang.Object, java.lang.Object, int, java.lang.Object, java.lang.Object)'> (0x00000000d62f2a18) 
thrown [s\src\hotspot\share\interpreter\linkResolver.cpp, line 773]
Event: 23.903 Thread 0x00000236e78b6e40 Exception <a 'java/io/FileNotFoundException'{0x00000000d5748158}> (0x00000000d5748158) 
thrown [s\src\hotspot\share\prims\jni.cpp, line 520]
Event: 23.903 Thread 0x00000236e78b6e40 Exception <a 'java/io/FileNotFoundException'{0x00000000d57574c8}> (0x00000000d57574c8) 
thrown [s\src\hotspot\share\prims\jni.cpp, line 520]
Event: 23.903 Thread 0x00000236e78b6e40 Exception <a 'java/io/FileNotFoundException'{0x00000000d5758220}> (0x00000000d5758220) 
thrown [s\src\hotspot\share\prims\jni.cpp, line 520]
Event: 24.339 Thread 0x00000236e5650180 Exception <a 'sun/nio/fs/WindowsException'{0x00000000d57a7288}> (0x00000000d57a7288) 
thrown [s\src\hotspot\share\prims\jni.cpp, line 520]
Event: 24.339 Thread 0x00000236e5650180 Exception <a 'sun/nio/fs/WindowsException'{0x00000000d57a78c8}> (0x00000000d57a78c8) 
thrown [s\src\hotspot\share\prims\jni.cpp, line 520]
Event: 24.454 Thread 0x00000236e5650810 Exception <a 'java/lang/NoSuchMethodError'{0x00000000d5b51400}: 'int java.lang.invoke.DirectMethodHandle$Holder.invokeStatic(java.lang.Object)'> (0x00000000d5b51400) 
thrown [s\src\hotspot\share\interpreter\linkResolver.cpp, line 773]
Event: 24.486 Thread 0x00000236e5650810 Exception <a 'sun/nio/fs/WindowsException'{0x00000000d5c60b30}> (0x00000000d5c60b30) 
thrown [s\src\hotspot\share\prims\jni.cpp, line 520]
Event: 24.509 Thread 0x00000236e5650810 Exception <a 'sun/nio/fs/WindowsException'{0x00000000d5d09e40}> (0x00000000d5d09e40) 
thrown [s\src\hotspot\share\prims\jni.cpp, line 520]
Event: 24.511 Thread 0x00000236e5650810 Exception <a 'sun/nio/fs/WindowsException'{0x00000000d5d1c3c8}> (0x00000000d5d1c3c8) 
thrown [s\src\hotspot\share\prims\jni.cpp, line 520]
Event: 24.514 Thread 0x00000236e5650810 Exception <a 'sun/nio/fs/WindowsException'{0x00000000d5d2fb20}> (0x00000000d5d2fb20) 
thrown [s\src\hotspot\share\prims\jni.cpp, line 520]
Event: 24.517 Thread 0x00000236e5650810 Exception <a 'sun/nio/fs/WindowsException'{0x00000000d5d42408}> (0x00000000d5d42408) 
thrown [s\src\hotspot\share\prims\jni.cpp, line 520]

ZGC Phase Switch (0 events):
No events

VM Operations (20 events):
Event: 23.438 Executing non-safepoint VM operation: HandshakeAllThreads (Deoptimize)
Event: 23.438 Executing non-safepoint VM operation: HandshakeAllThreads (Deoptimize) done
Event: 23.510 Executing non-safepoint VM operation: HandshakeAllThreads (Deoptimize)
Event: 23.510 Executing non-safepoint VM operation: HandshakeAllThreads (Deoptimize) done
Event: 23.615 Executing non-safepoint VM operation: HandshakeAllThreads (Deoptimize)
Event: 23.615 Executing non-safepoint VM operation: HandshakeAllThreads (Deoptimize) done
Event: 23.759 Executing non-safepoint VM operation: HandshakeAllThreads (Deoptimize)
Event: 23.759 Executing non-safepoint VM operation: HandshakeAllThreads (Deoptimize) done
Event: 23.760 Executing safepoint VM operation: ICBufferFull
Event: 23.761 Executing safepoint VM operation: ICBufferFull done
Event: 23.774 Executing safepoint VM operation: CollectForMetadataAllocation (Metadata GC Threshold)
Event: 23.844 Executing safepoint VM operation: CollectForMetadataAllocation (Metadata GC Threshold) done
Event: 24.052 Executing non-safepoint VM operation: HandshakeAllThreads (Deoptimize)
Event: 24.067 Executing non-safepoint VM operation: HandshakeAllThreads (Deoptimize) done
Event: 24.223 Executing safepoint VM operation: ICBufferFull
Event: 24.223 Executing safepoint VM operation: ICBufferFull done
Event: 24.325 Executing safepoint VM operation: ParallelGCFailedAllocation (Allocation Failure)
Event: 24.326 Executing safepoint VM operation: ParallelGCFailedAllocation (Allocation Failure) done
Event: 24.542 Executing safepoint VM operation: ICBufferFull
Event: 24.542 Executing safepoint VM operation: ICBufferFull done

Memory protections (0 events):
No events

Nmethod flushes (20 events):
Event: 23.815 Thread 0x0000023686e54a90 flushing  nmethod 0x000002368a9c0890
Event: 23.815 Thread 0x0000023686e54a90 flushing  nmethod 0x000002368a9c3310
Event: 23.815 Thread 0x0000023686e54a90 flushing  nmethod 0x000002368a9c4a90
Event: 23.815 Thread 0x0000023686e54a90 flushing  nmethod 0x000002368a9dcd90
Event: 23.815 Thread 0x0000023686e54a90 flushing  nmethod 0x000002368a9e6a90
Event: 23.815 Thread 0x0000023686e54a90 flushing  nmethod 0x000002368a9f2910
Event: 23.815 Thread 0x0000023686e54a90 flushing  nmethod 0x000002368a9f3890
Event: 23.815 Thread 0x0000023686e54a90 flushing  nmethod 0x000002368a9f4210
Event: 23.815 Thread 0x0000023686e54a90 flushing  nmethod 0x000002368a9f4d90
Event: 23.815 Thread 0x0000023686e54a90 flushing  nmethod 0x000002368a9f5390
Event: 23.815 Thread 0x0000023686e54a90 flushing  nmethod 0x000002368a9f8490
Event: 23.815 Thread 0x0000023686e54a90 flushing  nmethod 0x000002368a9f8810
Event: 23.815 Thread 0x0000023686e54a90 flushing  nmethod 0x000002368a9fe090
Event: 23.815 Thread 0x0000023686e54a90 flushing  nmethod 0x000002368aa3b510
Event: 23.815 Thread 0x0000023686e54a90 flushing  nmethod 0x000002368aa57590
Event: 23.815 Thread 0x0000023686e54a90 flushing  nmethod 0x000002368aa64290
Event: 23.815 Thread 0x0000023686e54a90 flushing  nmethod 0x000002368aa64d10
Event: 23.815 Thread 0x0000023686e54a90 flushing  nmethod 0x000002368aa7c810
Event: 23.815 Thread 0x0000023686e54a90 flushing  nmethod 0x000002368aab3790
Event: 23.815 Thread 0x0000023686e54a90 flushing  nmethod 0x000002368aab4010

Events (20 events):
Event: 22.644 Thread 0x00000236e5650180 Thread added: 0x00000236f0750620
Event: 22.645 Thread 0x00000236e5650180 Thread added: 0x00000236f07519d0
Event: 22.645 Thread 0x00000236e5650180 Thread added: 0x00000236f074e550
Event: 22.645 Thread 0x00000236e5650180 Thread added: 0x00000236f07526f0
Event: 22.645 Thread 0x00000236e5650180 Thread added: 0x00000236f0752d80
Event: 22.645 Thread 0x00000236e5650180 Thread added: 0x00000236f0752060
Event: 22.645 Thread 0x00000236e5650180 Thread added: 0x00000236f0753410
Event: 22.645 Thread 0x00000236e5650180 Thread added: 0x00000236f0751340
Event: 22.953 Thread 0x00000236e78b6e40 Thread added: 0x00000236f07554e0
Event: 23.497 Thread 0x00000236e5650180 Thread added: 0x00000236f07547c0
Event: 23.545 Thread 0x00000236e5650180 Thread added: 0x00000236f0754130
Event: 23.914 Thread 0x00000236e5650180 Thread added: 0x00000236f0754e50
Event: 23.920 Thread 0x00000236e5650180 Thread added: 0x00000236e7ac1d50
Event: 23.921 Thread 0x00000236e5650180 Thread added: 0x00000236e7ac09a0
Event: 23.927 Thread 0x00000236e5650180 Thread added: 0x00000236e7ac1030
Event: 23.985 Thread 0x00000236e5650180 Thread added: 0x00000236e7ac23e0
Event: 23.989 Thread 0x00000236e5650180 Thread added: 0x00000236e7abfc80
Event: 24.038 Thread 0x00000236e5650180 Thread added: 0x00000236e7ac2a70
Event: 24.559 Thread 0x00000236e5650810 Thread added: 0x00000236e7ac3790
Event: 24.609 Thread 0x00000236e5650810 Thread added: 0x00000236e7ac0310


Dynamic libraries:
0x00007ff7c4b90000 - 0x00007ff7c4b9e000 	c:\Users\user\.vscode\extensions\redhat.java-1.54.0-win32-x64\jre\21.0.10-win32-x86_64\bin\java.exe
0x00007ffaab840000 - 0x00007ffaabaa7000 	C:\WINDOWS\SYSTEM32\ntdll.dll
0x00007ffaa9ee0000 - 0x00007ffaa9fa9000 	C:\WINDOWS\System32\KERNEL32.DLL
0x00007ffaa8460000 - 0x00007ffaa8854000 	C:\WINDOWS\System32\KERNELBASE.dll
0x00007ffaa93a0000 - 0x00007ffaa94eb000 	C:\WINDOWS\System32\ucrtbase.dll
0x00007ffa72200000 - 0x00007ffa72218000 	c:\Users\user\.vscode\extensions\redhat.java-1.54.0-win32-x64\jre\21.0.10-win32-x86_64\bin\jli.dll
0x00007ffaab5b0000 - 0x00007ffaab775000 	C:\WINDOWS\System32\USER32.dll
0x00007ffaa94f0000 - 0x00007ffaa9517000 	C:\WINDOWS\System32\win32u.dll
0x00007ffaaab70000 - 0x00007ffaaab9b000 	C:\WINDOWS\System32\GDI32.dll
0x00007ffaa8280000 - 0x00007ffaa83ab000 	C:\WINDOWS\System32\gdi32full.dll
0x00007ffaa9520000 - 0x00007ffaa95c3000 	C:\WINDOWS\System32\msvcp_win.dll
0x00007ffa72020000 - 0x00007ffa7203e000 	c:\Users\user\.vscode\extensions\redhat.java-1.54.0-win32-x64\jre\21.0.10-win32-x86_64\bin\VCRUNTIME140.dll
0x00007ffa96800000 - 0x00007ffa96a93000 	C:\WINDOWS\WinSxS\amd64_microsoft.windows.common-controls_6595b64144ccf1df_6.0.26100.8115_none_3e075c82e3354f9c\COMCTL32.dll
0x00007ffaa95d0000 - 0x00007ffaa9679000 	C:\WINDOWS\System32\msvcrt.dll
0x00007ffaa9d80000 - 0x00007ffaa9db2000 	C:\WINDOWS\System32\IMM32.DLL
0x00007ffaa37d0000 - 0x00007ffaa37dc000 	c:\Users\user\.vscode\extensions\redhat.java-1.54.0-win32-x64\jre\21.0.10-win32-x86_64\bin\vcruntime140_1.dll
0x00007ff9cba60000 - 0x00007ff9cbaed000 	c:\Users\user\.vscode\extensions\redhat.java-1.54.0-win32-x64\jre\21.0.10-win32-x86_64\bin\msvcp140.dll
0x00007ff9b3dc0000 - 0x00007ff9b4b61000 	c:\Users\user\.vscode\extensions\redhat.java-1.54.0-win32-x64\jre\21.0.10-win32-x86_64\bin\server\jvm.dll
0x00007ffaa9960000 - 0x00007ffaa9a16000 	C:\WINDOWS\System32\ADVAPI32.dll
0x00007ffaaaff0000 - 0x00007ffaab097000 	C:\WINDOWS\System32\sechost.dll
0x00007ffaa9840000 - 0x00007ffaa9958000 	C:\WINDOWS\System32\RPCRT4.dll
0x00007ffaa9e50000 - 0x00007ffaa9ed0000 	C:\WINDOWS\System32\WS2_32.dll
0x00007ffaa6ce0000 - 0x00007ffaa6d3e000 	C:\WINDOWS\SYSTEM32\POWRPROF.dll
0x00007ffaa01a0000 - 0x00007ffaa01ab000 	C:\WINDOWS\SYSTEM32\VERSION.dll
0x00007ffa9bcc0000 - 0x00007ffa9bcf6000 	C:\WINDOWS\SYSTEM32\WINMM.dll
0x00007ffaa6cc0000 - 0x00007ffaa6cd4000 	C:\WINDOWS\SYSTEM32\UMPDC.dll
0x00007ffaa6f00000 - 0x00007ffaa6f1b000 	C:\WINDOWS\SYSTEM32\kernel.appcore.dll
0x00007ffa9ec80000 - 0x00007ffa9ec8a000 	c:\Users\user\.vscode\extensions\redhat.java-1.54.0-win32-x64\jre\21.0.10-win32-x86_64\bin\jimage.dll
0x00007ffa9f8e0000 - 0x00007ffa9fb22000 	C:\WINDOWS\SYSTEM32\DBGHELP.DLL
0x00007ffaaaba0000 - 0x00007ffaaaf22000 	C:\WINDOWS\System32\combase.dll
0x00007ffaa9fb0000 - 0x00007ffaaa088000 	C:\WINDOWS\System32\OLEAUT32.dll
0x00007ffa8aec0000 - 0x00007ffa8aefb000 	C:\WINDOWS\SYSTEM32\dbgcore.DLL
0x00007ffaa83b0000 - 0x00007ffaa8455000 	C:\WINDOWS\System32\bcryptPrimitives.dll
0x00007ffa90e70000 - 0x00007ffa90e7f000 	c:\Users\user\.vscode\extensions\redhat.java-1.54.0-win32-x64\jre\21.0.10-win32-x86_64\bin\instrument.dll
0x00007ffa6f8d0000 - 0x00007ffa6f8f0000 	c:\Users\user\.vscode\extensions\redhat.java-1.54.0-win32-x64\jre\21.0.10-win32-x86_64\bin\java.dll
0x00007ffaaa200000 - 0x00007ffaaa967000 	C:\WINDOWS\System32\SHELL32.dll
0x00007ffaa8110000 - 0x00007ffaa827a000 	C:\WINDOWS\System32\wintypes.dll
0x00007ffaa8b30000 - 0x00007ffaa9398000 	C:\WINDOWS\System32\windows.storage.dll
0x00007ffaa9a20000 - 0x00007ffaa9b18000 	C:\WINDOWS\System32\SHCORE.dll
0x00007ffaab0a0000 - 0x00007ffaab106000 	C:\WINDOWS\System32\shlwapi.dll
0x00007ffaa8030000 - 0x00007ffaa8059000 	C:\WINDOWS\SYSTEM32\profapi.dll
0x00007ffa6f050000 - 0x00007ffa6f068000 	c:\Users\user\.vscode\extensions\redhat.java-1.54.0-win32-x64\jre\21.0.10-win32-x86_64\bin\zip.dll
0x00007ffa89ae0000 - 0x00007ffa89af0000 	C:\Users\user\.vscode\extensions\redhat.java-1.54.0-win32-x64\jre\21.0.10-win32-x86_64\bin\net.dll
0x00007ffaa0860000 - 0x00007ffaa098d000 	C:\WINDOWS\SYSTEM32\WINHTTP.dll
0x00007ffaa7530000 - 0x00007ffaa759c000 	C:\WINDOWS\system32\mswsock.dll
0x00007ffa68e40000 - 0x00007ffa68e56000 	C:\Users\user\.vscode\extensions\redhat.java-1.54.0-win32-x64\jre\21.0.10-win32-x86_64\bin\nio.dll
0x00007ffa880d0000 - 0x00007ffa880e0000 	c:\Users\user\.vscode\extensions\redhat.java-1.54.0-win32-x64\jre\21.0.10-win32-x86_64\bin\verify.dll
0x00007ff9d7b00000 - 0x00007ff9d7b45000 	C:\Users\user\AppData\Roaming\Code\User\globalStorage\redhat.java\1.54.0\config_win\org.eclipse.equinox.launcher\org.eclipse.equinox.launcher.win32.win32.x86_64_1.3.0.v20260203-2149\eclipse_11919.dll
0x00007ffaaa9d0000 - 0x00007ffaaab67000 	C:\WINDOWS\System32\ole32.dll
0x00007ffaa7820000 - 0x00007ffaa783b000 	C:\WINDOWS\SYSTEM32\CRYPTSP.dll
0x00007ffaa6f20000 - 0x00007ffaa6f59000 	C:\WINDOWS\system32\rsaenh.dll
0x00007ffaa75e0000 - 0x00007ffaa7613000 	C:\WINDOWS\SYSTEM32\USERENV.dll
0x00007ffaa8000000 - 0x00007ffaa802a000 	C:\WINDOWS\SYSTEM32\bcrypt.dll
0x00007ffaa7810000 - 0x00007ffaa781c000 	C:\WINDOWS\SYSTEM32\CRYPTBASE.dll
0x00007ffaa68d0000 - 0x00007ffaa6902000 	C:\WINDOWS\SYSTEM32\IPHLPAPI.DLL
0x00007ffaa9680000 - 0x00007ffaa968a000 	C:\WINDOWS\System32\NSI.dll
0x00007ff9fe1f0000 - 0x00007ff9fe239000 	C:\Users\user\AppData\Local\Temp\jna-3599307\jna16417202313658730502.dll
0x00007ffaaa090000 - 0x00007ffaaa098000 	C:\WINDOWS\System32\PSAPI.DLL
0x00007ffaa0840000 - 0x00007ffaa085d000 	C:\WINDOWS\SYSTEM32\dhcpcsvc6.DLL
0x00007ffaa0620000 - 0x00007ffaa0645000 	C:\WINDOWS\SYSTEM32\dhcpcsvc.DLL
0x00007ffa802d0000 - 0x00007ffa802de000 	C:\Users\user\.vscode\extensions\redhat.java-1.54.0-win32-x64\jre\21.0.10-win32-x86_64\bin\sunmscapi.dll
0x00007ffaa88f0000 - 0x00007ffaa8a67000 	C:\WINDOWS\System32\CRYPT32.dll
0x00007ffaa7a30000 - 0x00007ffaa7a60000 	C:\WINDOWS\SYSTEM32\ncrypt.dll
0x00007ffaa79e0000 - 0x00007ffaa7a1f000 	C:\WINDOWS\SYSTEM32\NTASN1.dll
0x00007ffaa6910000 - 0x00007ffaa6a42000 	C:\WINDOWS\SYSTEM32\DNSAPI.dll
0x00007ffa9ec50000 - 0x00007ffa9ec5b000 	C:\Windows\System32\rasadhlp.dll
0x00007ffaa01b0000 - 0x00007ffaa0236000 	C:\WINDOWS\System32\fwpuclnt.dll
0x00007ffa7fac0000 - 0x00007ffa7fac9000 	C:\Users\user\.vscode\extensions\redhat.java-1.54.0-win32-x64\jre\21.0.10-win32-x86_64\bin\extnet.dll

JVMTI agents:
c:\Users\user\.vscode\extensions\redhat.java-1.54.0-win32-x64\lombok\lombok-1.18.39-4050.jar path:c:\Users\user\.vscode\extensions\redhat.java-1.54.0-win32-x64\jre\21.0.10-win32-x86_64\bin\instrument.dll, loaded, initialized, instrumentlib options:none

dbghelp: loaded successfully - version: 4.0.5 - missing functions: none
symbol engine: initialized successfully - sym options: 0x614 - pdb path: .;c:\Users\user\.vscode\extensions\redhat.java-1.54.0-win32-x64\jre\21.0.10-win32-x86_64\bin;C:\WINDOWS\SYSTEM32;C:\WINDOWS\WinSxS\amd64_microsoft.windows.common-controls_6595b64144ccf1df_6.0.26100.8115_none_3e075c82e3354f9c;c:\Users\user\.vscode\extensions\redhat.java-1.54.0-win32-x64\jre\21.0.10-win32-x86_64\bin\server;C:\Users\user\AppData\Roaming\Code\User\globalStorage\redhat.java\1.54.0\config_win\org.eclipse.equinox.launcher\org.eclipse.equinox.launcher.win32.win32.x86_64_1.3.0.v20260203-2149;C:\Users\user\AppData\Local\Temp\jna-3599307

VM Arguments:
jvm_args: --add-modules=ALL-SYSTEM --add-opens=java.base/java.util=ALL-UNNAMED --add-opens=java.base/java.lang=ALL-UNNAMED --add-opens=java.base/sun.nio.fs=ALL-UNNAMED -Declipse.application=org.eclipse.jdt.ls.core.id1 -Dosgi.bundles.defaultStartLevel=4 -Declipse.product=org.eclipse.jdt.ls.core.product -Djava.import.generatesMetadataFilesAtProjectRoot=false -DDetectVMInstallationsJob.disabled=true -Dfile.encoding=utf8 -XX:+UseParallelGC -XX:GCTimeRatio=4 -XX:AdaptiveSizePolicyWeight=90 -Dsun.zip.disableMemoryMapping=true -Xmx2G -Xms100m -Xlog:disable -javaagent:c:\Users\user\.vscode\extensions\redhat.java-1.54.0-win32-x64\lombok\lombok-1.18.39-4050.jar -XX:+HeapDumpOnOutOfMemoryError -XX:HeapDumpPath=c:\Users\user\AppData\Roaming\Code\User\workspaceStorage\01566864f5465bd7131c123e290365dd\redhat.java -Daether.dependencyCollector.impl=bf 
java_command: c:\Users\user\.vscode\extensions\redhat.java-1.54.0-win32-x64\server\plugins\org.eclipse.equinox.launcher_1.7.100.v20251111-0406.jar -configuration c:\Users\user\AppData\Roaming\Code\User\globalStorage\redhat.java\1.54.0\config_win -data c:\Users\user\AppData\Roaming\Code\User\workspaceStorage\01566864f5465bd7131c123e290365dd\redhat.java\jdt_ws --pipe=\\.\pipe\lsp-1e624adcb11bd5e405f2e98563973bea-sock
java_class_path (initial): c:\Users\user\.vscode\extensions\redhat.java-1.54.0-win32-x64\server\plugins\org.eclipse.equinox.launcher_1.7.100.v20251111-0406.jar
Launcher Type: SUN_STANDARD

[Global flags]
    uintx AdaptiveSizePolicyWeight                 = 90                                        {product} {command line}
     intx CICompilerCount                          = 4                                         {product} {ergonomic}
    uintx GCTimeRatio                              = 4                                         {product} {command line}
     bool HeapDumpOnOutOfMemoryError               = true                                   {manageable} {command line}
    ccstr HeapDumpPath                             = c:\Users\user\AppData\Roaming\Code\User\workspaceStorage\01566864f5465bd7131c123e290365dd\redhat.java         {manageable} {command line}
   size_t InitialHeapSize                          = 104857600                                 {product} {command line}
   size_t MaxHeapSize                              = 2147483648                                {product} {command line}
   size_t MaxNewSize                               = 715653120                                 {product} {ergonomic}
   size_t MinHeapDeltaBytes                        = 524288                                    {product} {ergonomic}
   size_t MinHeapSize                              = 104857600                                 {product} {command line}
   size_t NewSize                                  = 34603008                                  {product} {ergonomic}
    uintx NonNMethodCodeHeapSize                   = 5839372                                {pd product} {ergonomic}
    uintx NonProfiledCodeHeapSize                  = 122909434                              {pd product} {ergonomic}
   size_t OldSize                                  = 70254592                                  {product} {ergonomic}
    uintx ProfiledCodeHeapSize                     = 122909434                              {pd product} {ergonomic}
    uintx ReservedCodeCacheSize                    = 251658240                              {pd product} {ergonomic}
     bool SegmentedCodeCache                       = true                                      {product} {ergonomic}
   size_t SoftMaxHeapSize                          = 2147483648                             {manageable} {ergonomic}
     bool UseCompressedOops                        = true                           {product lp64_product} {ergonomic}
     bool UseLargePagesIndividualAllocation        = false                                  {pd product} {ergonomic}
     bool UseParallelGC                            = true                                      {product} {command line}

Logging:
Log output configuration:
 #0: stdout all=off uptime,level,tags foldmultilines=false
 #1: stderr all=off uptime,level,tags foldmultilines=false

Release file:
JAVA_VERSION="21.0.10" 
MODULES="java.base java.compiler java.datatransfer java.xml java.prefs java.desktop java.instrument java.logging java.management java.security.sasl java.naming java.rmi java.management.rmi java.net.http java.scripting java.security.jgss java.transaction.xa java.sql java.sql.rowset java.xml.crypto java.se java.smartcardio jdk.accessibility jdk.internal.jvmstat jdk.attach jdk.charsets jdk.internal.opt jdk.zipfs jdk.compiler jdk.crypto.ec jdk.crypto.cryptoki jdk.crypto.mscapi jdk.dynalink jdk.internal.ed jdk.editpad jdk.hotspot.agent jdk.httpserver jdk.internal.le jdk.internal.vm.ci jdk.internal.vm.compiler jdk.internal.vm.compiler.management jdk.jartool jdk.javadoc jdk.jcmd jdk.management jdk.management.agent jdk.jconsole jdk.jdeps jdk.jdwp.agent jdk.jdi jdk.jfr jdk.jshell jdk.jsobject jdk.jstatd jdk.localedata jdk.management.jfr jdk.naming.dns jdk.naming.rmi jdk.net jdk.nio.mapmode jdk.random jdk.sctp jdk.security.auth jdk.security.jgss jdk.unsupported jdk.unsupported.desktop jdk.xml.dom" 

Environment Variables:
JAVA_HOME=C:\Program Files\Java\jdk-25.0.2\
PATH=C:\Users\user\AppData\Local\Programs\Microsoft VS Code;C:\Program Files\Common Files\Oracle\Java\javapath;C:\Program Files (x86)\Common Files\Oracle\Java\java8path;C:\Program Files (x86)\Common Files\Oracle\Java\javapath;C:\WINDOWS\system32;C:\WINDOWS;C:\WINDOWS\System32\Wbem;C:\WINDOWS\System32\WindowsPowerShell\v1.0\;C:\WINDOWS\System32\OpenSSH\;C:\WINDOWS\system32\config\systemprofile\AppData\Local\Muse Hub\lib;C:\Program Files\Dart\dart-sdk\bin;C:\Users\user\Desktop\flutter_windows_3.35.7-stable\flutter\bin\mingit\mingw64\bin\git.exe;C:\Program Files\Git\cmd;C:\Program Files (x86)\NVIDIA Corporation\PhysX\Common;C:\Program Files\dotnet\;C:\xampp\php;C:\ProgramData\ComposerSetup\bin;C:\Users\user\Desktop\flutter_windows_3.35.7-stable\flutter\bin;C:\Program Files\Docker\Docker\resources\bin;C:\Users\user\AppData\Local\Pub\Cache\bin;C:\Program Files\nodejs\;C:\Program Files\Java\jdk-25.0.2\bin;C:\Program Files\Cloudflare\Cloudflare WARP\;C:\Users\user\AppData\Local\Microsoft\WindowsApps;C:\Users\user\AppData\Local\Programs\Microsoft VS Code\bin;C:\Users\user\Desktop\flutter_windows_3.35.7-stable\flutter\bin\mingit\mingw64\bin\git.exe;C:\Users\user\AppData\Roaming\Composer\vendor\bin;C:\Users\user\Desktop\flutter_windows_3.35.7-stable\flutter\bin;C:\Users\user\AppData\Local\Pub\Cache\bin;C:\Users\user\AppData\Roaming\npm
USERNAME=user
OS=Windows_NT
PROCESSOR_IDENTIFIER=Intel64 Family 6 Model 141 Stepping 1, GenuineIntel
TMP=C:\Users\user\AppData\Local\Temp
TEMP=C:\Users\user\AppData\Local\Temp




Periodic native trim disabled

---------------  S Y S T E M  ---------------

OS:
 Windows 11 , 64 bit Build 26100 (10.0.26100.8246)
OS uptime: 0 days 3:35 hours
Hyper-V role detected

CPU: total 12 (initial active 12) (6 cores per cpu, 2 threads per core) family 6 model 141 stepping 1 microcode 0x3c, cx8, cmov, fxsr, ht, mmx, 3dnowpref, sse, sse2, sse3, ssse3, sse4.1, sse4.2, popcnt, lzcnt, tsc, tscinvbit, avx, avx2, aes, erms, clmul, bmi1, bmi2, adx, avx512f, avx512dq, avx512cd, avx512bw, avx512vl, sha, fma, vzeroupper, avx512_vpopcntdq, avx512_vpclmulqdq, avx512_vaes, avx512_vnni, clflush, clflushopt, clwb, avx512_vbmi2, avx512_vbmi, hv, rdtscp, rdpid, fsrm, gfni, avx512_bitalg, f16c, cet_ibt, cet_ss, avx512_ifma
Processor Information for the first 12 processors :
  Max Mhz: 2688, Current Mhz: 2688, Mhz Limit: 2688

Memory: 4k page, system-wide physical 16163M (825M free)
TotalPageFile size 29090M (AvailPageFile size 147M)
current process WorkingSet (physical memory assigned to process): 306M, peak: 309M
current process commit charge ("private bytes"): 397M, peak: 402M

vm_info: OpenJDK 64-Bit Server VM (21.0.10+7-LTS) for windows-amd64 JRE (21.0.10+7-LTS), built on 2026-01-20T00:00:00Z by "admin" with MS VC++ 17.12 (VS2022)

END.
